-------------------------------------------------------------------------------
Test set: edu.ncsu.csc.itrust2.unit.PatientTest
-------------------------------------------------------------------------------
Tests run: 3, Failures: 1, Errors: 2, Skipped: 0, Time elapsed: 0.182 s <<< FAILURE! - in edu.ncsu.csc.itrust2.unit.PatientTest
testPatientDateOfDeath(edu.ncsu.csc.itrust2.unit.PatientTest)  Time elapsed: 0.132 s  <<< ERROR!
org.hibernate.exception.ConstraintViolationException: could not execute statement
	at edu.ncsu.csc.itrust2.unit.PatientTest.testPatientDateOfDeath(PatientTest.java:70)
Caused by: java.sql.SQLIntegrityConstraintViolationException: Column 'self_id' cannot be null
	at edu.ncsu.csc.itrust2.unit.PatientTest.testPatientDateOfDeath(PatientTest.java:70)

testFieldValidation(edu.ncsu.csc.itrust2.unit.PatientTest)  Time elapsed: 0.012 s  <<< FAILURE!
java.lang.AssertionError: expected exception during validation
	at edu.ncsu.csc.itrust2.unit.PatientTest.expectFailure(PatientTest.java:258)
	at edu.ncsu.csc.itrust2.unit.PatientTest.testFieldValidation(PatientTest.java:148)

personalRepresentatives(edu.ncsu.csc.itrust2.unit.PatientTest)  Time elapsed: 0.034 s  <<< ERROR!
org.hibernate.exception.ConstraintViolationException: could not execute statement
	at edu.ncsu.csc.itrust2.unit.PatientTest.personalRepresentatives(PatientTest.java:210)
Caused by: java.sql.SQLIntegrityConstraintViolationException: Column 'self_id' cannot be null
	at edu.ncsu.csc.itrust2.unit.PatientTest.personalRepresentatives(PatientTest.java:210)

