-------------------------------------------------------------------------------
Test set: edu.ncsu.csc.itrust2.apitest.APIPasswordTest
-------------------------------------------------------------------------------
Tests run: 3, Failures: 1, Errors: 2, Skipped: 0, Time elapsed: 2.05 s <<< FAILURE! - in edu.ncsu.csc.itrust2.apitest.APIPasswordTest
testRequestReset(edu.ncsu.csc.itrust2.apitest.APIPasswordTest)  Time elapsed: 0.617 s  <<< ERROR!
java.lang.NullPointerException
	at edu.ncsu.csc.itrust2.apitest.APIPasswordTest.testRequestReset(APIPasswordTest.java:139)

testInvalidPasswordChanges(edu.ncsu.csc.itrust2.apitest.APIPasswordTest)  Time elapsed: 0.387 s  <<< FAILURE!
java.lang.AssertionError: Status expected:<400> but was:<200>
	at edu.ncsu.csc.itrust2.apitest.APIPasswordTest.testInvalidPasswordChanges(APIPasswordTest.java:162)

testValidPasswordChanges(edu.ncsu.csc.itrust2.apitest.APIPasswordTest)  Time elapsed: 1.019 s  <<< ERROR!
org.hibernate.exception.ConstraintViolationException: could not execute statement
	at edu.ncsu.csc.itrust2.apitest.APIPasswordTest.testValidPasswordChanges(APIPasswordTest.java:99)
Caused by: java.sql.SQLIntegrityConstraintViolationException: Cannot delete or update a parent row: a foreign key constraint fails (`iTrust2`.`Personnel`, CONSTRAINT `FKa9l63705rm5c4tf50y9h9x8rp` FOREIGN KEY (`self_id`) REFERENCES `Users` (`username`))
	at edu.ncsu.csc.itrust2.apitest.APIPasswordTest.testValidPasswordChanges(APIPasswordTest.java:99)

