-------------------------------------------------------------------------------
Test set: edu.ncsu.csc.itrust2.unit.GeneralCheckupTest
-------------------------------------------------------------------------------
Tests run: 2, Failures: 0, Errors: 2, Skipped: 0, Time elapsed: 0.077 s <<< FAILURE! - in edu.ncsu.csc.itrust2.unit.GeneralCheckupTest
testGeneralCheckups(edu.ncsu.csc.itrust2.unit.GeneralCheckupTest)  Time elapsed: 0.032 s  <<< ERROR!
javax.validation.ConstraintViolationException: 
Validation failed for classes [edu.ncsu.csc.itrust2.models.persistent.BasicHealthMetrics] during persist time for groups [javax.validation.groups.Default, ]
List of constraint violations:[
	ConstraintViolationImpl{interpolatedMessage='may not be null', propertyPath=hcp, rootBeanClass=class edu.ncsu.csc.itrust2.models.persistent.BasicHealthMetrics, messageTemplate='{javax.validation.constraints.NotNull.message}'}
	ConstraintViolationImpl{interpolatedMessage='may not be null', propertyPath=patient, rootBeanClass=class edu.ncsu.csc.itrust2.models.persistent.BasicHealthMetrics, messageTemplate='{javax.validation.constraints.NotNull.message}'}
]
	at edu.ncsu.csc.itrust2.unit.GeneralCheckupTest.testGeneralCheckups(GeneralCheckupTest.java:59)

testGeneralCheckupForm(edu.ncsu.csc.itrust2.unit.GeneralCheckupTest)  Time elapsed: 0.045 s  <<< ERROR!
java.lang.NullPointerException
	at edu.ncsu.csc.itrust2.unit.GeneralCheckupTest.testGeneralCheckupForm(GeneralCheckupTest.java:201)

