-------------------------------------------------------------------------------
Test set: edu.ncsu.csc.itrust2.apitest.APIPrescriptionTest
-------------------------------------------------------------------------------
Tests run: 1, Failures: 1, Errors: 0, Skipped: 0, Time elapsed: 0.201 s <<< FAILURE! - in edu.ncsu.csc.itrust2.apitest.APIPrescriptionTest
testPrescriptionAPI(edu.ncsu.csc.itrust2.apitest.APIPrescriptionTest)  Time elapsed: 0.194 s  <<< FAILURE!
java.lang.AssertionError: Status expected:<200> but was:<400>
	at edu.ncsu.csc.itrust2.apitest.APIPrescriptionTest.testPrescriptionAPI(APIPrescriptionTest.java:109)

