<?xml version="1.0" encoding="UTF-8"?>
<testsuite xmlns:xsi="http://www.w3.org/2001/XMLSchema-instance" xsi:noNamespaceSchemaLocation="https://maven.apache.org/surefire/maven-surefire-plugin/xsd/surefire-test-report.xsd" name="edu.ncsu.csc.itrust2.apitest.APIFoodDiaryTest" time="0.556" tests="3" errors="0" skipped="0" failures="0">
  <properties>
[...]
</properties>
  <testcase name="testFoodDiaryAPIAsHCP" classname="edu.ncsu.csc.itrust2.apitest.APIFoodDiaryTest" time="0.205"/>
  <testcase name="testFoodDiaryAPIInvalidEntry" classname="edu.ncsu.csc.itrust2.apitest.APIFoodDiaryTest" time="0.169"/>
  <testcase name="testFoodDiaryAPIAsPatient" classname="edu.ncsu.csc.itrust2.apitest.APIFoodDiaryTest" time="0.174"/>
</testsuite>