-------------------------------------------------------------------------------
Test set: edu.ncsu.csc.itrust2.apitest.APILOINCTest
-------------------------------------------------------------------------------
Tests run: 1, Failures: 1, Errors: 0, Skipped: 0, Time elapsed: 0.136 s <<< FAILURE! - in edu.ncsu.csc.itrust2.apitest.APILOINCTest
testCodeAPI(edu.ncsu.csc.itrust2.apitest.APILOINCTest)  Time elapsed: 0.122 s  <<< FAILURE!
java.lang.AssertionError: expected:<edu.ncsu.csc.itrust2.forms.admin.LOINCForm@61c2666e> but was:<edu.ncsu.csc.itrust2.forms.admin.LOINCForm@9b43835>
	at edu.ncsu.csc.itrust2.apitest.APILOINCTest.testCodeAPI(APILOINCTest.java:79)

