-------------------------------------------------------------------------------
Test set: edu.ncsu.csc.itrust2.unit.GeneralOphthalmologyTest
-------------------------------------------------------------------------------
Tests run: 3, Failures: 0, Errors: 3, Skipped: 0, Time elapsed: 0.086 s <<< FAILURE! - in edu.ncsu.csc.itrust2.unit.GeneralOphthalmologyTest
testMissingBHM(edu.ncsu.csc.itrust2.unit.GeneralOphthalmologyTest)  Time elapsed: 0.015 s  <<< ERROR!
java.lang.IllegalArgumentException: Weight cannot be less than .1 or greater than 999.9
	at edu.ncsu.csc.itrust2.unit.GeneralOphthalmologyTest.testMissingBHM(GeneralOphthalmologyTest.java:188)

testGeneralOphthalmology(edu.ncsu.csc.itrust2.unit.GeneralOphthalmologyTest)  Time elapsed: 0.018 s  <<< ERROR!
java.lang.IllegalArgumentException: Weight cannot be less than .1 or greater than 999.9
	at edu.ncsu.csc.itrust2.unit.GeneralOphthalmologyTest.testGeneralOphthalmology(GeneralOphthalmologyTest.java:50)

testGeneralOphthalmologyForm(edu.ncsu.csc.itrust2.unit.GeneralOphthalmologyTest)  Time elapsed: 0.042 s  <<< ERROR!
java.lang.IllegalArgumentException: Weight cannot be less than .1 or greater than 999.9
	at edu.ncsu.csc.itrust2.unit.GeneralOphthalmologyTest.testGeneralOphthalmologyForm(GeneralOphthalmologyTest.java:164)

