-------------------------------------------------------------------------------
Test set: edu.ncsu.csc.itrust2.apitest.APIGeneralOphthalmologyTest
-------------------------------------------------------------------------------
Tests run: 4, Failures: 1, Errors: 0, Skipped: 0, Time elapsed: 2.184 s <<< FAILURE! - in edu.ncsu.csc.itrust2.apitest.APIGeneralOphthalmologyTest
testGeneralOphthalmologyAPI(edu.ncsu.csc.itrust2.apitest.APIGeneralOphthalmologyTest)  Time elapsed: 1.31 s  <<< FAILURE!
java.lang.AssertionError
	at edu.ncsu.csc.itrust2.apitest.APIGeneralOphthalmologyTest.testGeneralOphthalmologyAPI(APIGeneralOphthalmologyTest.java:289)

