-------------------------------------------------------------------------------
Test set: edu.ncsu.csc.itrust2.apitest.APILabProcedureTest
-------------------------------------------------------------------------------
Tests run: 4, Failures: 0, Errors: 2, Skipped: 0, Time elapsed: 7.315 s <<< FAILURE! - in edu.ncsu.csc.itrust2.apitest.APILabProcedureTest
testLabProcedureLabTechAPI(edu.ncsu.csc.itrust2.apitest.APILabProcedureTest)  Time elapsed: 1.494 s  <<< ERROR!
javax.validation.ConstraintViolationException: 
Validation failed for classes [edu.ncsu.csc.itrust2.models.persistent.BasicHealthMetrics] during persist time for groups [javax.validation.groups.Default, ]
List of constraint violations:[
	ConstraintViolationImpl{interpolatedMessage='may not be null', propertyPath=patient, rootBeanClass=class edu.ncsu.csc.itrust2.models.persistent.BasicHealthMetrics, messageTemplate='{javax.validation.constraints.NotNull.message}'}
	ConstraintViolationImpl{interpolatedMessage='may not be null', propertyPath=hcp, rootBeanClass=class edu.ncsu.csc.itrust2.models.persistent.BasicHealthMetrics, messageTemplate='{javax.validation.constraints.NotNull.message}'}
]
	at edu.ncsu.csc.itrust2.apitest.APILabProcedureTest.makeGeneralCheckup(APILabProcedureTest.java:160)
	at edu.ncsu.csc.itrust2.apitest.APILabProcedureTest.createLabProcedure(APILabProcedureTest.java:129)
	at edu.ncsu.csc.itrust2.apitest.APILabProcedureTest.testLabProcedureLabTechAPI(APILabProcedureTest.java:395)

testLabProcedureHCPAPI(edu.ncsu.csc.itrust2.apitest.APILabProcedureTest)  Time elapsed: 2.291 s  <<< ERROR!
javax.validation.ConstraintViolationException: 
Validation failed for classes [edu.ncsu.csc.itrust2.models.persistent.BasicHealthMetrics] during persist time for groups [javax.validation.groups.Default, ]
List of constraint violations:[
	ConstraintViolationImpl{interpolatedMessage='may not be null', propertyPath=patient, rootBeanClass=class edu.ncsu.csc.itrust2.models.persistent.BasicHealthMetrics, messageTemplate='{javax.validation.constraints.NotNull.message}'}
	ConstraintViolationImpl{interpolatedMessage='may not be null', propertyPath=hcp, rootBeanClass=class edu.ncsu.csc.itrust2.models.persistent.BasicHealthMetrics, messageTemplate='{javax.validation.constraints.NotNull.message}'}
]
	at edu.ncsu.csc.itrust2.apitest.APILabProcedureTest.testLabProcedureHCPAPI(APILabProcedureTest.java:263)

