-------------------------------------------------------------------------------
Test set: edu.ncsu.csc.itrust2.apitest.APIAppointmentRequestTest
-------------------------------------------------------------------------------
Tests run: 4, Failures: 1, Errors: 0, Skipped: 0, Time elapsed: 0.647 s <<< FAILURE! - in edu.ncsu.csc.itrust2.apitest.APIAppointmentRequestTest
testAppointmentRequestAPI(edu.ncsu.csc.itrust2.apitest.APIAppointmentRequestTest)  Time elapsed: 0.29 s  <<< FAILURE!
java.lang.AssertionError: Status expected:<200> but was:<404>
	at edu.ncsu.csc.itrust2.apitest.APIAppointmentRequestTest.testAppointmentRequestAPI(APIAppointmentRequestTest.java:158)

