-------------------------------------------------------------------------------
Test set: edu.ncsu.csc.itrust2.unit.GeneralOphthalmologyTest
-------------------------------------------------------------------------------
Tests run: 3, Failures: 0, Errors: 1, Skipped: 0, Time elapsed: 0.254 s <<< FAILURE! - in edu.ncsu.csc.itrust2.unit.GeneralOphthalmologyTest
testGeneralOphthalmology(edu.ncsu.csc.itrust2.unit.GeneralOphthalmologyTest)  Time elapsed: 0.128 s  <<< ERROR!
java.lang.IllegalArgumentException: Not all necessary fields for basic health metrics were submitted.
	at edu.ncsu.csc.itrust2.unit.GeneralOphthalmologyTest.testGeneralOphthalmology(GeneralOphthalmologyTest.java:111)

