-------------------------------------------------------------------------------
Test set: edu.ncsu.csc.itrust2.unit.AppointmentRequestTest
-------------------------------------------------------------------------------
Tests run: 3, Failures: 0, Errors: 3, Skipped: 0, Time elapsed: 0.093 s <<< FAILURE! - in edu.ncsu.csc.itrust2.unit.AppointmentRequestTest
testOpthalmologyAppointmentRequest(edu.ncsu.csc.itrust2.unit.AppointmentRequestTest)  Time elapsed: 0.044 s  <<< ERROR!
java.lang.NullPointerException
	at edu.ncsu.csc.itrust2.unit.AppointmentRequestTest.testOpthalmologyAppointmentRequest(AppointmentRequestTest.java:82)

testGeneralCheckupAppointmentRequest(edu.ncsu.csc.itrust2.unit.AppointmentRequestTest)  Time elapsed: 0.021 s  <<< ERROR!
java.lang.NullPointerException
	at edu.ncsu.csc.itrust2.unit.AppointmentRequestTest.testGeneralCheckupAppointmentRequest(AppointmentRequestTest.java:36)

testGeneralOpthalmologyAppointmentRequest(edu.ncsu.csc.itrust2.unit.AppointmentRequestTest)  Time elapsed: 0.026 s  <<< ERROR!
java.lang.NullPointerException
	at edu.ncsu.csc.itrust2.unit.AppointmentRequestTest.testGeneralOpthalmologyAppointmentRequest(AppointmentRequestTest.java:59)

