-------------------------------------------------------------------------------
Test set: edu.ncsu.csc.itrust2.unit.LockoutTest
-------------------------------------------------------------------------------
Tests run: 2, Failures: 1, Errors: 0, Skipped: 0, Time elapsed: 0.43 s <<< FAILURE! - in edu.ncsu.csc.itrust2.unit.LockoutTest
testUserLockouts(edu.ncsu.csc.itrust2.unit.LockoutTest)  Time elapsed: 0.29 s  <<< FAILURE!
java.lang.AssertionError
	at edu.ncsu.csc.itrust2.unit.LockoutTest.testUserLockouts(LockoutTest.java:82)

