-------------------------------------------------------------------------------
Test set: edu.ncsu.csc.itrust2.apitest.APIOphthalmologySurgeryTest
-------------------------------------------------------------------------------
Tests run: 4, Failures: 0, Errors: 1, Skipped: 0, Time elapsed: 0.938 s <<< FAILURE! - in edu.ncsu.csc.itrust2.apitest.APIOphthalmologySurgeryTest
testOphthalmologySurgeryAPI(edu.ncsu.csc.itrust2.apitest.APIOphthalmologySurgeryTest)  Time elapsed: 0.609 s  <<< ERROR!
java.lang.IllegalArgumentException: Diastolic must be a 3 digit positive number.
	at edu.ncsu.csc.itrust2.apitest.APIOphthalmologySurgeryTest.testOphthalmologySurgeryAPI(APIOphthalmologySurgeryTest.java:247)

