-------------------------------------------------------------------------------
Test set: edu.ncsu.csc.itrust2.apitest.APIFoodDiaryTest
-------------------------------------------------------------------------------
Tests run: 3, Failures: 1, Errors: 0, Skipped: 0, Time elapsed: 0.535 s <<< FAILURE! - in edu.ncsu.csc.itrust2.apitest.APIFoodDiaryTest
testFoodDiaryAPIAsPatient(edu.ncsu.csc.itrust2.apitest.APIFoodDiaryTest)  Time elapsed: 0.145 s  <<< FAILURE!
java.lang.AssertionError: Status expected:<200> but was:<400>
	at edu.ncsu.csc.itrust2.apitest.APIFoodDiaryTest.testFoodDiaryAPIAsPatient(APIFoodDiaryTest.java:174)

