-------------------------------------------------------------------------------
Test set: edu.ncsu.csc.itrust2.apitest.APIGeneralCheckupTest
-------------------------------------------------------------------------------
Tests run: 4, Failures: 0, Errors: 1, Skipped: 0, Time elapsed: 0.83 s <<< FAILURE! - in edu.ncsu.csc.itrust2.apitest.APIGeneralCheckupTest
testGeneralCheckupAPI(edu.ncsu.csc.itrust2.apitest.APIGeneralCheckupTest)  Time elapsed: 0.514 s  <<< ERROR!
java.lang.IllegalArgumentException: Not all necessary fields for basic health metrics were submitted.
	at edu.ncsu.csc.itrust2.apitest.APIGeneralCheckupTest.testGeneralCheckupAPI(APIGeneralCheckupTest.java:256)

