-------------------------------------------------------------------------------
Test set: edu.ncsu.csc.itrust2.apitest.APILabProcedureTest
-------------------------------------------------------------------------------
Tests run: 4, Failures: 1, Errors: 0, Skipped: 0, Time elapsed: 6.308 s <<< FAILURE! - in edu.ncsu.csc.itrust2.apitest.APILabProcedureTest
testLabProcedureHCPAPI(edu.ncsu.csc.itrust2.apitest.APILabProcedureTest)  Time elapsed: 2.155 s  <<< FAILURE!
java.lang.AssertionError: expected:<1> but was:<2>
	at edu.ncsu.csc.itrust2.apitest.APILabProcedureTest.testLabProcedureHCPAPI(APILabProcedureTest.java:327)

