-------------------------------------------------------------------------------
Test set: edu.ncsu.csc.itrust2.unit.GeneralCheckupTest
-------------------------------------------------------------------------------
Tests run: 2, Failures: 0, Errors: 1, Skipped: 0, Time elapsed: 0.223 s <<< FAILURE! - in edu.ncsu.csc.itrust2.unit.GeneralCheckupTest
testGeneralCheckups(edu.ncsu.csc.itrust2.unit.GeneralCheckupTest)  Time elapsed: 0.199 s  <<< ERROR!
java.lang.IllegalArgumentException
	at edu.ncsu.csc.itrust2.unit.GeneralCheckupTest.testGeneralCheckups(GeneralCheckupTest.java:92)

