-------------------------------------------------------------------------------
Test set: edu.ncsu.csc.itrust2.apitest.APIOphthalmologySurgeryTest
-------------------------------------------------------------------------------
Tests run: 4, Failures: 0, Errors: 1, Skipped: 0, Time elapsed: 0.817 s <<< FAILURE! - in edu.ncsu.csc.itrust2.apitest.APIOphthalmologySurgeryTest
testOphthalmologySurgeryAPI(edu.ncsu.csc.itrust2.apitest.APIOphthalmologySurgeryTest)  Time elapsed: 0.49 s  <<< ERROR!
java.lang.IllegalArgumentException: Not all necessary fields for basic health metrics were submitted.
	at edu.ncsu.csc.itrust2.apitest.APIOphthalmologySurgeryTest.testOphthalmologySurgeryAPI(APIOphthalmologySurgeryTest.java:247)

