-------------------------------------------------------------------------------
Test set: edu.ncsu.csc.itrust2.unit.ICDCodeTest
-------------------------------------------------------------------------------
Tests run: 2, Failures: 1, Errors: 0, Skipped: 0, Time elapsed: 0.136 s <<< FAILURE! - in edu.ncsu.csc.itrust2.unit.ICDCodeTest
testInvalidCodes(edu.ncsu.csc.itrust2.unit.ICDCodeTest)  Time elapsed: 0.018 s  <<< FAILURE!
org.junit.ComparisonFailure: expected:<[Third character of code must be alphanumeric]: A1.A> but was:<[Code must be at least three characters]: A1.A>
	at edu.ncsu.csc.itrust2.unit.ICDCodeTest.testInvalidCodes(ICDCodeTest.java:73)

