-------------------------------------------------------------------------------
Test set: edu.ncsu.csc.itrust2.apitest.APIHospitalTest
-------------------------------------------------------------------------------
Tests run: 2, Failures: 1, Errors: 0, Skipped: 0, Time elapsed: 6.105 s <<< FAILURE! - in edu.ncsu.csc.itrust2.apitest.APIHospitalTest
testHospitalAPI(edu.ncsu.csc.itrust2.apitest.APIHospitalTest)  Time elapsed: 0.125 s  <<< FAILURE!
java.lang.AssertionError: Status expected:<200> but was:<404>
	at edu.ncsu.csc.itrust2.apitest.APIHospitalTest.testHospitalAPI(APIHospitalTest.java:74)

