-------------------------------------------------------------------------------
Test set: edu.ncsu.csc.itrust2.unit.LabProcedureTest
-------------------------------------------------------------------------------
Tests run: 3, Failures: 3, Errors: 0, Skipped: 0, Time elapsed: 0.895 s <<< FAILURE! - in edu.ncsu.csc.itrust2.unit.LabProcedureTest
testLabProcedure(edu.ncsu.csc.itrust2.unit.LabProcedureTest)  Time elapsed: 0.276 s  <<< FAILURE!
java.lang.AssertionError: expected:<CRITICAL> but was:<HIGH>
	at edu.ncsu.csc.itrust2.unit.LabProcedureTest.testLabProcedure(LabProcedureTest.java:96)

testGetBy(edu.ncsu.csc.itrust2.unit.LabProcedureTest)  Time elapsed: 0.409 s  <<< FAILURE!
java.lang.AssertionError: expected:<CRITICAL> but was:<HIGH>
	at edu.ncsu.csc.itrust2.unit.LabProcedureTest.testGetBy(LabProcedureTest.java:269)

testLabProcedureForm(edu.ncsu.csc.itrust2.unit.LabProcedureTest)  Time elapsed: 0.207 s  <<< FAILURE!
org.junit.ComparisonFailure: expected:<[1]> but was:<[2]>
	at edu.ncsu.csc.itrust2.unit.LabProcedureTest.testLabProcedureForm(LabProcedureTest.java:357)

