-------------------------------------------------------------------------------
Test set: edu.ncsu.csc.itrust2.unit.LockoutTest
-------------------------------------------------------------------------------
Tests run: 2, Failures: 2, Errors: 0, Skipped: 0, Time elapsed: 0.351 s <<< FAILURE! - in edu.ncsu.csc.itrust2.unit.LockoutTest
testUserLockouts(edu.ncsu.csc.itrust2.unit.LockoutTest)  Time elapsed: 0.227 s  <<< FAILURE!
java.lang.AssertionError
	at edu.ncsu.csc.itrust2.unit.LockoutTest.testUserLockouts(LockoutTest.java:80)

testIPLockouts(edu.ncsu.csc.itrust2.unit.LockoutTest)  Time elapsed: 0.123 s  <<< FAILURE!
java.lang.AssertionError
	at edu.ncsu.csc.itrust2.unit.LockoutTest.testIPLockouts(LockoutTest.java:139)

