-------------------------------------------------------------------------------
Test set: edu.ncsu.csc.itrust2.unit.LabProcedureTest
-------------------------------------------------------------------------------
Tests run: 3, Failures: 3, Errors: 0, Skipped: 0, Time elapsed: 0.881 s <<< FAILURE! - in edu.ncsu.csc.itrust2.unit.LabProcedureTest
testLabProcedure(edu.ncsu.csc.itrust2.unit.LabProcedureTest)  Time elapsed: 0.379 s  <<< FAILURE!
java.lang.AssertionError: expected:<ASSIGNED> but was:<IN_PROGRESS>
	at edu.ncsu.csc.itrust2.unit.LabProcedureTest.testLabProcedure(LabProcedureTest.java:97)

testGetBy(edu.ncsu.csc.itrust2.unit.LabProcedureTest)  Time elapsed: 0.354 s  <<< FAILURE!
java.lang.AssertionError
	at edu.ncsu.csc.itrust2.unit.LabProcedureTest.testGetBy(LabProcedureTest.java:249)

testLabProcedureForm(edu.ncsu.csc.itrust2.unit.LabProcedureTest)  Time elapsed: 0.144 s  <<< FAILURE!
java.lang.AssertionError
	at edu.ncsu.csc.itrust2.unit.LabProcedureTest.testLabProcedureForm(LabProcedureTest.java:348)

