-------------------------------------------------------------------------------
Test set: edu.ncsu.csc.itrust2.apitest.APILOINCTest
-------------------------------------------------------------------------------
Tests run: 1, Failures: 1, Errors: 0, Skipped: 0, Time elapsed: 0.114 s <<< FAILURE! - in edu.ncsu.csc.itrust2.apitest.APILOINCTest
testCodeAPI(edu.ncsu.csc.itrust2.apitest.APILOINCTest)  Time elapsed: 0.105 s  <<< FAILURE!
java.lang.AssertionError: expected:<edu.ncsu.csc.itrust2.forms.admin.LOINCForm@475454b6> but was:<edu.ncsu.csc.itrust2.forms.admin.LOINCForm@6c5c31cb>
	at edu.ncsu.csc.itrust2.apitest.APILOINCTest.testCodeAPI(APILOINCTest.java:79)

