-------------------------------------------------------------------------------
Test set: edu.ncsu.csc.itrust2.apitest.APIEmergencyRecordFormTest
-------------------------------------------------------------------------------
Tests run: 4, Failures: 0, Errors: 4, Skipped: 0, Time elapsed: 4.531 s <<< FAILURE! - in edu.ncsu.csc.itrust2.apitest.APIEmergencyRecordFormTest
testGetNonExistentPatientRecord(edu.ncsu.csc.itrust2.apitest.APIEmergencyRecordFormTest)  Time elapsed: 1.224 s  <<< ERROR!
java.lang.NullPointerException
	at edu.ncsu.csc.itrust2.apitest.APIEmergencyRecordFormTest.setup(APIEmergencyRecordFormTest.java:59)

testEmergencyRecordFormHCPAPI(edu.ncsu.csc.itrust2.apitest.APIEmergencyRecordFormTest)  Time elapsed: 1.124 s  <<< ERROR!
java.lang.NullPointerException
	at edu.ncsu.csc.itrust2.apitest.APIEmergencyRecordFormTest.setup(APIEmergencyRecordFormTest.java:59)

testEmergencyRecordFormERAPI(edu.ncsu.csc.itrust2.apitest.APIEmergencyRecordFormTest)  Time elapsed: 1.071 s  <<< ERROR!
java.lang.NullPointerException
	at edu.ncsu.csc.itrust2.apitest.APIEmergencyRecordFormTest.setup(APIEmergencyRecordFormTest.java:59)

testEmergencyRecordForm(edu.ncsu.csc.itrust2.apitest.APIEmergencyRecordFormTest)  Time elapsed: 1.098 s  <<< ERROR!
java.lang.NullPointerException
	at edu.ncsu.csc.itrust2.apitest.APIEmergencyRecordFormTest.setup(APIEmergencyRecordFormTest.java:59)

