-------------------------------------------------------------------------------
Test set: edu.ncsu.csc.itrust2.unit.GeneralOphthalmologyTest
-------------------------------------------------------------------------------
Tests run: 3, Failures: 0, Errors: 2, Skipped: 0, Time elapsed: 0.273 s <<< FAILURE! - in edu.ncsu.csc.itrust2.unit.GeneralOphthalmologyTest
testMissingBHM(edu.ncsu.csc.itrust2.unit.GeneralOphthalmologyTest)  Time elapsed: 0.114 s  <<< ERROR!
java.lang.NullPointerException
	at edu.ncsu.csc.itrust2.unit.GeneralOphthalmologyTest.testMissingBHM(GeneralOphthalmologyTest.java:221)

testGeneralOphthalmology(edu.ncsu.csc.itrust2.unit.GeneralOphthalmologyTest)  Time elapsed: 0.133 s  <<< ERROR!
java.lang.NullPointerException
	at edu.ncsu.csc.itrust2.unit.GeneralOphthalmologyTest.testGeneralOphthalmology(GeneralOphthalmologyTest.java:86)

