-------------------------------------------------------------------------------
Test set: edu.ncsu.csc.itrust2.apitest.APIPersonnelTest
-------------------------------------------------------------------------------
Tests run: 3, Failures: 0, Errors: 1, Skipped: 0, Time elapsed: 0.198 s <<< FAILURE! - in edu.ncsu.csc.itrust2.apitest.APIPersonnelTest
testPersonnelAPI(edu.ncsu.csc.itrust2.apitest.APIPersonnelTest)  Time elapsed: 0.125 s  <<< ERROR!
org.springframework.web.util.NestedServletException: Request processing failed; nested exception is java.lang.NullPointerException
	at edu.ncsu.csc.itrust2.apitest.APIPersonnelTest.testPersonnelAPI(APIPersonnelTest.java:92)
Caused by: java.lang.NullPointerException
	at edu.ncsu.csc.itrust2.apitest.APIPersonnelTest.testPersonnelAPI(APIPersonnelTest.java:92)

