-------------------------------------------------------------------------------
Test set: edu.ncsu.csc.itrust2.unit.LabProcedureTest
-------------------------------------------------------------------------------
Tests run: 3, Failures: 1, Errors: 1, Skipped: 0, Time elapsed: 0.84 s <<< FAILURE! - in edu.ncsu.csc.itrust2.unit.LabProcedureTest
testGetBy(edu.ncsu.csc.itrust2.unit.LabProcedureTest)  Time elapsed: 0.305 s  <<< ERROR!
javax.validation.ConstraintViolationException: 
Validation failed for classes [edu.ncsu.csc.itrust2.models.persistent.LabProcedure] during persist time for groups [javax.validation.groups.Default, ]
List of constraint violations:[
	ConstraintViolationImpl{interpolatedMessage='may not be null', propertyPath=visit, rootBeanClass=class edu.ncsu.csc.itrust2.models.persistent.LabProcedure, messageTemplate='{javax.validation.constraints.NotNull.message}'}
]
	at edu.ncsu.csc.itrust2.unit.LabProcedureTest.testGetBy(LabProcedureTest.java:252)

testLabProcedureForm(edu.ncsu.csc.itrust2.unit.LabProcedureTest)  Time elapsed: 0.111 s  <<< FAILURE!
java.lang.AssertionError
	at edu.ncsu.csc.itrust2.unit.LabProcedureTest.testLabProcedureForm(LabProcedureTest.java:351)

