-------------------------------------------------------------------------------
Test set: edu.ncsu.csc.itrust2.apitest.APIUserTest
-------------------------------------------------------------------------------
Tests run: 4, Failures: 1, Errors: 0, Skipped: 0, Time elapsed: 0.364 s <<< FAILURE! - in edu.ncsu.csc.itrust2.apitest.APIUserTest
testUserAPI(edu.ncsu.csc.itrust2.apitest.APIUserTest)  Time elapsed: 0.286 s  <<< FAILURE!
java.lang.AssertionError: Status expected:<200> but was:<404>
	at edu.ncsu.csc.itrust2.apitest.APIUserTest.testUserAPI(APIUserTest.java:90)

