-------------------------------------------------------------------------------
Test set: edu.ncsu.csc.itrust2.apitest.APIOphthalmologySurgeryTest
-------------------------------------------------------------------------------
Tests run: 4, Failures: 2, Errors: 0, Skipped: 0, Time elapsed: 0.706 s <<< FAILURE! - in edu.ncsu.csc.itrust2.apitest.APIOphthalmologySurgeryTest
testOphthalmologySurgeryAPI(edu.ncsu.csc.itrust2.apitest.APIOphthalmologySurgeryTest)  Time elapsed: 0.394 s  <<< FAILURE!
java.lang.AssertionError: Status expected:<200> but was:<400>
	at edu.ncsu.csc.itrust2.apitest.APIOphthalmologySurgeryTest.testOphthalmologySurgeryAPI(APIOphthalmologySurgeryTest.java:182)

testPreScheduledOphthalmologySurgery(edu.ncsu.csc.itrust2.apitest.APIOphthalmologySurgeryTest)  Time elapsed: 0.259 s  <<< FAILURE!
java.lang.AssertionError: Status expected:<200> but was:<400>
	at edu.ncsu.csc.itrust2.apitest.APIOphthalmologySurgeryTest.testPreScheduledOphthalmologySurgery(APIOphthalmologySurgeryTest.java:125)

