-------------------------------------------------------------------------------
Test set: edu.ncsu.csc.itrust2.unit.LabProcedureTest
-------------------------------------------------------------------------------
Tests run: 3, Failures: 0, Errors: 3, Skipped: 0, Time elapsed: 0.195 s <<< FAILURE! - in edu.ncsu.csc.itrust2.unit.LabProcedureTest
testLabProcedure(edu.ncsu.csc.itrust2.unit.LabProcedureTest)  Time elapsed: 0.094 s  <<< ERROR!
javax.validation.ConstraintViolationException: 
Validation failed for classes [edu.ncsu.csc.itrust2.models.persistent.BasicHealthMetrics] during persist time for groups [javax.validation.groups.Default, ]
List of constraint violations:[
	ConstraintViolationImpl{interpolatedMessage='may not be null', propertyPath=hcp, rootBeanClass=class edu.ncsu.csc.itrust2.models.persistent.BasicHealthMetrics, messageTemplate='{javax.validation.constraints.NotNull.message}'}
	ConstraintViolationImpl{interpolatedMessage='may not be null', propertyPath=patient, rootBeanClass=class edu.ncsu.csc.itrust2.models.persistent.BasicHealthMetrics, messageTemplate='{javax.validation.constraints.NotNull.message}'}
]
	at edu.ncsu.csc.itrust2.unit.LabProcedureTest.makeOfficeVisit(LabProcedureTest.java:133)
	at edu.ncsu.csc.itrust2.unit.LabProcedureTest.testLabProcedure(LabProcedureTest.java:86)

testGetBy(edu.ncsu.csc.itrust2.unit.LabProcedureTest)  Time elapsed: 0.073 s  <<< ERROR!
java.lang.NullPointerException
	at edu.ncsu.csc.itrust2.unit.LabProcedureTest.testGetBy(LabProcedureTest.java:223)

testLabProcedureForm(edu.ncsu.csc.itrust2.unit.LabProcedureTest)  Time elapsed: 0.028 s  <<< ERROR!
java.lang.NullPointerException
	at edu.ncsu.csc.itrust2.unit.LabProcedureTest.testLabProcedureForm(LabProcedureTest.java:331)

