-------------------------------------------------------------------------------
Test set: edu.ncsu.csc.itrust2.apitest.APIEnumTest
-------------------------------------------------------------------------------
Tests run: 1, Failures: 0, Errors: 1, Skipped: 0, Time elapsed: 0.005 s <<< FAILURE! - in edu.ncsu.csc.itrust2.apitest.APIEnumTest
testEnumAPI(edu.ncsu.csc.itrust2.apitest.APIEnumTest)  Time elapsed: 0.005 s  <<< ERROR!
org.springframework.web.util.NestedServletException: Request processing failed; nested exception is java.lang.NullPointerException
	at edu.ncsu.csc.itrust2.apitest.APIEnumTest.testEnumAPI(APIEnumTest.java:55)
Caused by: java.lang.NullPointerException
	at edu.ncsu.csc.itrust2.apitest.APIEnumTest.testEnumAPI(APIEnumTest.java:55)

