-------------------------------------------------------------------------------
Test set: edu.ncsu.csc.itrust2.unit.UserTest
-------------------------------------------------------------------------------
Tests run: 1, Failures: 1, Errors: 0, Skipped: 0, Time elapsed: 0.022 s <<< FAILURE! - in edu.ncsu.csc.itrust2.unit.UserTest
testEqualsAndProperties(edu.ncsu.csc.itrust2.unit.UserTest)  Time elapsed: 0.017 s  <<< FAILURE!
java.lang.AssertionError
	at edu.ncsu.csc.itrust2.unit.UserTest.testEqualsAndProperties(UserTest.java:29)

