-------------------------------------------------------------------------------
Test set: edu.ncsu.csc.itrust2.unit.DomainObjectTest
-------------------------------------------------------------------------------
Tests run: 5, Failures: 3, Errors: 1, Skipped: 0, Time elapsed: 0.14 s <<< FAILURE! - in edu.ncsu.csc.itrust2.unit.DomainObjectTest
testCreateDomainObject(edu.ncsu.csc.itrust2.unit.DomainObjectTest)  Time elapsed: 0.072 s  <<< FAILURE!
java.lang.AssertionError
	at edu.ncsu.csc.itrust2.unit.DomainObjectTest.testCreateDomainObject(DomainObjectTest.java:30)

testGetBy(edu.ncsu.csc.itrust2.unit.DomainObjectTest)  Time elapsed: 0.005 s  <<< FAILURE!
java.lang.AssertionError
	at edu.ncsu.csc.itrust2.unit.DomainObjectTest.testGetBy(DomainObjectTest.java:93)

testCopy(edu.ncsu.csc.itrust2.unit.DomainObjectTest)  Time elapsed: 0.017 s  <<< ERROR!
java.lang.NullPointerException
	at edu.ncsu.csc.itrust2.unit.DomainObjectTest.testCopy(DomainObjectTest.java:78)

testRetrieveDomainObject(edu.ncsu.csc.itrust2.unit.DomainObjectTest)  Time elapsed: 0.026 s  <<< FAILURE!
java.lang.AssertionError
	at edu.ncsu.csc.itrust2.unit.DomainObjectTest.testRetrieveDomainObject(DomainObjectTest.java:45)

