-------------------------------------------------------------------------------
Test set: edu.ncsu.csc.itrust2.apitest.APILOINCTest
-------------------------------------------------------------------------------
Tests run: 1, Failures: 1, Errors: 0, Skipped: 0, Time elapsed: 0.097 s <<< FAILURE! - in edu.ncsu.csc.itrust2.apitest.APILOINCTest
testCodeAPI(edu.ncsu.csc.itrust2.apitest.APILOINCTest)  Time elapsed: 0.082 s  <<< FAILURE!
java.lang.AssertionError: expected:<edu.ncsu.csc.itrust2.forms.admin.LOINCForm@1e342a0d> but was:<edu.ncsu.csc.itrust2.forms.admin.LOINCForm@6e0bd847>
	at edu.ncsu.csc.itrust2.apitest.APILOINCTest.testCodeAPI(APILOINCTest.java:79)

