-------------------------------------------------------------------------------
Test set: edu.ncsu.csc.itrust2.apitest.APIDrugTest
-------------------------------------------------------------------------------
Tests run: 1, Failures: 1, Errors: 0, Skipped: 0, Time elapsed: 0.071 s <<< FAILURE! - in edu.ncsu.csc.itrust2.apitest.APIDrugTest
testDrugAPI(edu.ncsu.csc.itrust2.apitest.APIDrugTest)  Time elapsed: 0.058 s  <<< FAILURE!
java.lang.AssertionError: Status expected:<409> but was:<200>
	at edu.ncsu.csc.itrust2.apitest.APIDrugTest.testDrugAPI(APIDrugTest.java:93)

