-------------------------------------------------------------------------------
Test set: edu.ncsu.csc.itrust2.unit.OphthalmologySurgeryTest
-------------------------------------------------------------------------------
Tests run: 2, Failures: 0, Errors: 1, Skipped: 0, Time elapsed: 0.211 s <<< FAILURE! - in edu.ncsu.csc.itrust2.unit.OphthalmologySurgeryTest
testOphthalmologySurgery(edu.ncsu.csc.itrust2.unit.OphthalmologySurgeryTest)  Time elapsed: 0.195 s  <<< ERROR!
java.lang.NullPointerException
	at edu.ncsu.csc.itrust2.unit.OphthalmologySurgeryTest.testOphthalmologySurgery(OphthalmologySurgeryTest.java:115)

